17:40:42.085 INFO  017c29bd-d772-2921-0409-e0517d55d3f9 
17:40:44.992 INFO  017c29bd-e9ba-4ba1-2205-49542793c038 
17:40:50.930 INFO  017c299f-08aa-438d-9c73-8f41f535f97b 
17:49:02.308 INFO  017c29bd-d772-2921-0409-e0517d55d3f9 
17:49:04.475 INFO  017c29bd-e9ba-4ba1-2205-49542793c038 
17:49:10.114 INFO  017c299f-08aa-438d-9c73-8f41f535f97b 
17:49:51.814 INFO  017c29bd-d772-2921-0409-e0517d55d3f9 
17:49:53.744 INFO  017c29bd-e9ba-4ba1-2205-49542793c038 
17:50:00.309 INFO  017c299f-08aa-438d-9c73-8f41f535f97b 
17:51:09.707 INFO  017c29bd-d772-2921-0409-e0517d55d3f9 
17:51:11.680 INFO  017c29bd-e9ba-4ba1-2205-49542793c038 
17:51:19.865 INFO  017c299f-08aa-438d-9c73-8f41f535f97b 
17:53:11.167 INFO  017c29bd-d772-2921-0409-e0517d55d3f9 
17:53:13.036 INFO  017c29bd-e9ba-4ba1-2205-49542793c038 
17:53:18.292 INFO  017c299f-08aa-438d-9c73-8f41f535f97b 
17:53:41.512 INFO  017c29bd-d772-2921-0409-e0517d55d3f9 
17:53:43.515 INFO  017c29bd-e9ba-4ba1-2205-49542793c038 
17:53:52.886 INFO  017c299f-08aa-438d-9c73-8f41f535f97b 
17:53:56.603 INFO  017c29be-aaa7-ee9a-048b-346ce9ab8abc 
17:53:59.751 INFO  017c299e-b004-49d2-a3cb-5ae29da1656e 
17:54:04.304 INFO  017c29bf-24ca-9e19-e558-98de9a56347e 
17:54:10.399 INFO  017c29c0-34ec-bf07-d9c5-492eb1719407 
17:54:16.904 INFO  017c29a2-0e1e-4585-a458-d19e5fd98a56 
17:54:19.857 INFO  017c29a2-cc26-4b33-a4b1-e9125ff822f5 
17:54:23.298 INFO  017c29a2-40cb-4968-b751-b55cb1ba0a15 
17:54:26.201 INFO  017c29a3-6201-41c5-9335-1b5a8b7f409c 
17:54:30.065 INFO  017c29a3-8301-4186-a680-9e222483e7ed 
17:54:32.681 INFO  017c29c2-c7d7-2b42-1421-57d6deb5ac98 
17:54:35.783 INFO  017c29c2-d23f-612e-8369-43c4f6cf3743 
17:54:38.463 INFO  017c29c3-6c6e-62b0-715d-eed4050a8333 
17:54:42.540 INFO  017c29a4-98e7-4601-86bc-730574714902 
17:54:46.238 INFO  017c29a4-c43c-4201-87ba-7b7f787c5223 
17:54:50.077 INFO  017c29c5-3bdd-3ee5-812d-f54b7de15985 
17:54:53.401 INFO  017c29c5-ba4c-f248-595a-8bf47a58a124 
17:54:55.295 INFO  017c29c6-bb59-35ef-eea4-94c7c250640a 
17:54:58.754 INFO  017c29a9-d0e7-433c-8258-4572648c3fce 
17:55:06.559 INFO  017c29a9-20ac-49ef-b9a8-cb2c92619f2f 
17:55:09.717 INFO  017c29aa-335c-4e01-8daa-5c80cd957e5a 
17:55:12.850 INFO  017c29a8-a0fc-413d-b349-a1795b300001 
17:55:16.858 INFO  017c29a9-da15-4234-a299-fda6e4f9706b 
17:55:23.432 INFO  017c29aa-63b2-4f30-939a-a10747b50d18 
17:55:28.043 INFO  017c29c8-fb9c-2927-3636-a9d9d594a712 
17:55:32.690 INFO  017c29c9-01cd-996d-162e-8141753b0a85 
17:55:34.205 INFO  017c29c9-2b77-669d-582a-7b48a68440f2 
17:55:41.815 INFO  017c29a9-7829-4be6-a483-976de2c6021a 
17:55:46.728 INFO  017c29ca-52bf-4570-0bc5-9a97fad46c0c 
17:55:49.977 INFO  017c29cb-1f0a-521d-8a46-0ec3d7a8c2f9 
17:55:53.782 INFO  017c29ab-f992-4128-a4d3-04e72a8c7d95 
17:55:59.268 INFO  017c29ad-3520-400d-8c2e-53c672e6b8b1 
17:56:02.324 INFO  017c29cc-3805-dc42-305a-35a86c400b0b 
17:56:10.854 INFO  017c29cc-9ebe-7b89-42be-80386d6b568a 
17:56:15.058 INFO  017c29cc-ec1f-f85e-6944-18d07b504143 
17:56:22.671 INFO  017c29af-03b0-47e2-99bd-103e6b27b565 
17:56:25.596 INFO  017c29cd-569c-9ed3-8331-6e9094e4e37f 
17:56:28.200 INFO  017c29af-3ac7-4bea-85e0-4bbb8349e053 
17:56:32.075 INFO  017c29ce-b013-0582-086f-e36904df2bd7 
17:56:34.630 INFO  017c29cf-0fd5-da3b-a914-5dc91e99027b 
17:56:37.445 INFO  017c29cf-3da4-b53c-364a-a2f8117f0052 
17:56:40.822 INFO  017c29cf-abdd-25ed-a307-1cc33b524258 
17:56:44.060 INFO  017c29cf-b24b-f9ec-e57d-ead95f7ed5ad 
17:56:46.728 INFO  017c29d0-9b7e-01ef-827d-1a3d5bc862d7 
17:56:48.759 INFO  017c29d0-e39b-f581-933e-60c6fcc778d7 
17:56:52.132 INFO  017c29b1-684a-4e61-aed2-e9735ecc9705 
17:56:54.318 INFO  017c29d1-7ac6-5710-cb5f-b9100aef25a8 
17:56:58.271 INFO  017c29d1-eb2f-e187-b2b5-ec37691b01ca 
17:57:00.673 INFO  017c29d2-7051-ec29-e534-69f45a1ed021 
17:57:02.717 INFO  017c29d2-dc99-d54a-dcb7-ce15ea90dca0 
17:57:06.645 INFO  017c29b4-23c4-4df4-b4b5-0f4ce452f209 
17:57:10.734 INFO  017c29d3-7987-764c-30da-6eeea5785fd8 
17:57:14.638 INFO  017c29b5-5196-4a91-aa0b-6ca18c7bbaa3 
17:57:16.511 INFO  017c29d4-680a-c846-4564-10379a94463d 
17:57:20.788 INFO  017c29d4-cc62-5c82-61e4-d867ce75dbbb 
17:57:26.157 INFO  017c29d4-f92b-801a-df12-0ac32ea36e88 
17:57:32.280 INFO  017c29d5-28cd-bbd5-10a9-78449e938b99 
17:57:34.281 INFO  017c29d5-47f7-6a9f-19db-6c0be9ae982f 
17:57:41.248 INFO  017c29d5-53d7-b2a2-2e82-86015a101e65 
17:57:45.435 INFO  017c29d5-aa5a-c2af-e59e-5856a5b2fef1 
17:57:50.908 INFO  017c29d5-e1ed-bcc6-6b96-0fb7bb9c7005 
17:57:57.457 INFO  017c29d6-0872-c904-776f-906337615a9a 
17:58:09.402 INFO  017c29d6-beaa-99bc-5d12-934be8d702c0 
17:58:14.530 INFO  017c29b8-8b56-4d2a-9add-f801b4e1f07b 
17:58:27.441 INFO  017c29b8-ce89-4872-bb5a-f64bf6fa01d5 
17:58:32.392 INFO  017c29d7-85b8-4625-036d-dc4ce69009d3 
17:58:37.910 INFO  017c29b8-82fd-4d53-a6df-d4d3889be35f 
17:58:42.205 INFO  017c29ba-7e4a-4588-b252-10e72c8149f1 
17:58:49.071 INFO  017c29ba-3ee3-4cea-954e-316db4753790 
17:58:52.586 INFO  017c29bb-62b6-4a2d-bc14-70ec59aa8345 
17:58:55.486 INFO  017c29bc-f15e-44b8-b4a2-4e636a098c60 
17:58:59.060 INFO  017c29db-5bc3-25f5-9cc5-9335bbb2ec9c 
17:59:01.055 INFO  017c29be-73c9-4fd1-8ab0-dbb12601f9e6 
17:59:03.621 INFO  017c29dd-2af4-9611-8b9a-f9f402d6b63a 
17:59:06.831 INFO  017c29c0-69c0-4114-a840-62646297f7c9 
17:59:10.982 INFO  017c29de-b3cc-bcf3-e465-28d8fedce6b7 
17:59:16.658 INFO  017c29c1-85b0-4c76-b154-95dbc922474c 
17:59:19.296 INFO  017c29c1-5eef-4a98-8666-a2a386aa2505 
17:59:23.053 INFO  017c29c2-6325-42e7-aa3e-2f841f10b472 
17:59:24.914 INFO  017c29df-b747-5265-b38e-c8e2af0417c9 
17:59:29.782 INFO  017c29c1-c475-49d6-94a2-b58cc5b9ae19 
17:59:31.607 INFO  017c29e1-ff67-1220-d81e-76ec61aecd32 
17:59:36.364 INFO  017c29c4-32e7-4f1f-8737-4f022eb19566 
17:59:39.212 INFO  017c29e2-3166-b788-2bc9-797a6b65a2d9 
17:59:42.486 INFO  017c29c4-fdeb-496f-bf82-f0e9e2b2be85 
17:59:45.272 INFO  017c29e3-c7c1-8f3c-3eb6-80177b2c31ce 
17:59:48.125 INFO  017c29e4-1354-5cf5-5dd2-9dedb7868d86 
17:59:53.453 INFO  017c29c6-af78-4bf7-bb9f-5430c84f32b7 
17:59:57.867 INFO  017c29e4-7d4b-9c94-94ef-04ad018e2429 
18:00:00.627 INFO  017c29e4-c8bb-1939-c3ac-69ce05c7208a 
18:00:04.488 INFO  017c29e5-109a-2f86-6a5b-c4358e475410 
18:00:06.636 INFO  017c29c6-d7b9-4284-a2b1-6a36a7f710df 
18:00:11.135 INFO  017c29e6-3678-ac3e-de72-55275c2d83d9 
18:00:13.036 INFO  017c29e8-dd80-565a-f2e0-b20390b7261a 
18:00:17.024 INFO  017c29e9-9e79-640c-3aa1-8ab042b1f37b 
18:00:24.222 INFO  017c29ea-06c4-72c9-6a34-f2f86b01c10d 
18:00:27.858 INFO  017c29cb-bb66-49e1-807f-c6b456fd9185 
18:00:41.003 INFO  017c29ea-741e-4861-55e2-0d3e5b8ddac7 
18:00:45.887 INFO  017c29ea-95d8-a25a-dde3-9d04c6e95201 
18:00:52.047 INFO  017c29ea-da0d-1c1e-36fc-d835a5b17621 
18:00:55.600 INFO  017c29ce-0c97-4af4-9cac-3611eedbe771 
18:01:03.287 INFO  017c29ec-170b-a4f0-a17a-181d184ce1aa 
18:01:10.630 INFO  017c29ec-4e43-8624-de81-e596ac09c0b8 
18:01:15.436 INFO  017c29ed-0b24-39e6-4709-4889190da170 
18:01:19.086 INFO  017c29ed-11dc-f040-b38f-06197eeb08d7 
18:01:21.339 INFO  017c29ed-8398-e1d4-71c5-2aaed8af9e1f 
18:01:32.149 INFO  017c29ed-8fde-8ea1-79fc-23890c66075b 
18:01:34.141 INFO  017c29ed-9071-a268-d594-12f1ea2a0213 
18:01:36.216 INFO  017c29ed-a4f8-6e50-c868-66799f3b9574 
18:01:40.643 INFO  017c29ee-34b5-6d88-a728-8976d330cad8 
18:01:43.784 INFO  017c29ef-526c-81c4-8930-509b1f97e665 
18:01:45.930 INFO  017c29ef-c37a-95ac-8322-6210739c7bce 
18:01:48.241 INFO  017c29f1-1ded-a668-8967-51d70412a4f5 
18:01:52.062 INFO  017c29d3-3716-49d5-9f64-99816336dfc0 
18:01:55.434 INFO  017c29d4-210b-4b32-ba2a-79b9a815a63a 
18:02:10.571 INFO  017c29d3-98eb-4bc7-826e-1c531ad1a4f8 
18:02:12.609 INFO  017c29f1-e98b-ecdf-f2eb-054f3f0a03d5 
18:02:17.525 INFO  017c29f2-34e1-557f-4203-96622b4173a9 
18:02:22.431 INFO  017c29f2-b9af-6bd6-2f96-77fa28a1a8f3 
18:02:27.579 INFO  017c29f3-5cc4-5a63-49cd-150f4417087b 
18:02:34.267 INFO  017c29d6-168c-485f-b346-4a3aa7f9a652 
18:02:39.976 INFO  017c29f3-d6b0-d8b7-a50d-f916ee31a9f0 
18:02:43.918 INFO  017c29f3-d6af-6335-b69e-28a236f6f7a3 
18:02:48.739 INFO  017c29f4-25b9-1c0c-d171-345647a5cfce 
18:02:50.362 INFO  017c29f4-49fb-8c02-8055-3b7d6afc8889 
18:02:52.572 INFO  017c29f4-9788-c534-b9a8-ec8748c74a36 
18:02:59.726 INFO  017c29d6-14cb-4c92-9ae5-926e6ea79b7f 
18:03:02.153 INFO  017c29f5-0a05-32e8-78cd-45e266c1a5e1 
18:03:06.286 INFO  017c29d6-b020-4c98-88a7-d7e35d3484a9 
18:03:10.904 INFO  017c29d6-5b26-423e-8cf3-bdf4076a47d1 
18:04:43.655 INFO   
